 
Ansys Electronics Desktop Version 2021.2.0, Build: 2021-06-02 22:21:55
Location: C:\Program Files\AnsysEM\AnsysEM21.2\Win64\ansysedt.exe
Non Graphical Mode: No Project??
Starting Batch Run: 8:30:01 午後  3 23, 2025
Running as user: TRIAC-D335-01-Q\tanak
Temp directory: C:\Users\tanak\AppData\Local\Temp
Project directory: C:\Users\tanak\OneDrive\ドキュメント\Ansoft
[error] Failover feature 'Ansys Electronics 3D GUI' is not available.
Insufficient Ansys Electronics 3D GUI licenses available.
Licensed number of users already reached.
Feature
electronics3d_gui
License path
1055@TRIAC-D335-01-QE;
FlexNet Licensing error
-4,132


[Exiting application]
 
Ansys Electronics Desktop Version 2021.2.0, Build: 2021-06-02 22:21:55
Location: C:\Program Files\AnsysEM\AnsysEM21.2\Win64\ansysedt.exe
Non Graphical Mode: No Project??
Starting Batch Run: 6:45:11 午後  4 11, 2025
Running as user: TRIAC-D335-01-Q\tanak
Temp directory: C:\Users\tanak\AppData\Local\Temp
Project directory: C:\Users\tanak\OneDrive\ドキュメント\Ansoft
 
Ansys Electronics Desktop Version 2021.2.0, Build: 2021-06-02 22:21:55
Location: C:\Program Files\AnsysEM\AnsysEM21.2\Win64\ansysedt.exe
Non Graphical Mode: No Project??
Starting Batch Run: 4:18:22 午後  4 28, 2025
Running as user: TRIAC-D335-01-Q\tanak
Temp directory: C:\Users\tanak\AppData\Local\Temp
Project directory: C:\Users\tanak\OneDrive\ドキュメント\Ansoft
